
Showing logs for build [32mcb-kubecd-bdd-gh-1583369160-pr-fjvwl-1[0m stage [32mfrom-build-pack[0m and container [32mstep-credential-initializer-p6k8s[0m
{"level":"warn","ts":1583370427.237745,"logger":"fallback-logger","caller":"logging/config.go:69","msg":"Fetch GitHub commit ID from kodata failed: \"ref: refs/heads/0.8.0-**-support-backwards-incompats\" is not a valid GitHub commit ID"}
{"level":"info","ts":1583370427.2382545,"logger":"fallback-logger","caller":"creds-init/main.go:40","msg":"Credentials initialized."}

Showing logs for build [32mcb-kubecd-bdd-gh-1583369160-pr-fjvwl-1[0m stage [32mfrom-build-pack[0m and container [32mstep-working-dir-initializer-qtv25[0m
{"level":"warn","ts":1583370429.051311,"logger":"fallback-logger","caller":"logging/config.go:69","msg":"Fetch GitHub commit ID from kodata failed: open /var/run/ko/HEAD: no such file or directory"}
{"level":"info","ts":1583370429.0531247,"logger":"fallback-logger","caller":"bash/main.go:64","msg":"Successfully executed command \"sh -c mkdir -p /workspace/source\"; output "}

Showing logs for build [32mcb-kubecd-bdd-gh-1583369160-pr-fjvwl-1[0m stage [32mfrom-build-pack[0m and container [32mstep-place-tools[0m

Showing logs for build [32mcb-kubecd-bdd-gh-1583369160-pr-fjvwl-1[0m stage [32mfrom-build-pack[0m and container [32mstep-git-source-cb-kubecd-bdd-gh-1583369160-pr-fjvwl-p2dd9[0m
{"level":"warn","ts":1583370530.2837255,"logger":"fallback-logger","caller":"logging/config.go:69","msg":"Fetch GitHub commit ID from kodata failed: \"ref: refs/heads/0.8.0-**-support-backwards-incompats\" is not a valid GitHub commit ID"}
{"level":"info","ts":1583370531.4688616,"logger":"fallback-logger","caller":"git/git.go:103","msg":"Successfully cloned https://github.com/cb-kubecd/bdd-gh-1583369160.git @ master in path /workspace/source"}

Showing logs for build [32mcb-kubecd-bdd-gh-1583369160-pr-fjvwl-1[0m stage [32mfrom-build-pack[0m and container [32mstep-git-merge[0m
Using SHAs from PULL_REFS=master:3783c0cbe58efe30cb25b1c5a8d86c3e944f4a22,1:e2de8de78cfaed26ed437ee827c8bfb0c3ebeb5a
DEBUG: LC_ALL=C JX_LOG_LEVEL=error git fetch origin --unshallow e2de8de78cfaed26ed437ee827c8bfb0c3ebeb5a: 3783c0cbe58efe30cb25b1c5a8d86c3e944f4a22:
DEBUG: ran git fetch --unshallow origin e2de8de78cfaed26ed437ee827c8bfb0c3ebeb5a: 3783c0cbe58efe30cb25b1c5a8d86c3e944f4a22: in 
DEBUG: LC_ALL=C JX_LOG_LEVEL=error git branch
DEBUG: LC_ALL=C JX_LOG_LEVEL=error git checkout master
DEBUG: ran git checkout master in 
DEBUG: LC_ALL=C JX_LOG_LEVEL=error git reset --hard 3783c0cbe58efe30cb25b1c5a8d86c3e944f4a22
DEBUG: ran git reset --hard 3783c0cbe58efe30cb25b1c5a8d86c3e944f4a22 in 
DEBUG: LC_ALL=C JX_LOG_LEVEL=error git clean -fd .
DEBUG: ran clean --force -d . in 
DEBUG: LC_ALL=C JX_LOG_LEVEL=error git merge e2de8de78cfaed26ed437ee827c8bfb0c3ebeb5a
DEBUG: ran git merge e2de8de78cfaed26ed437ee827c8bfb0c3ebeb5a in 
DEBUG: LC_ALL=C JX_LOG_LEVEL=error git log --format=%H%x1f%an%x1f%ae%x1f%cn%x1f%ce%x1f%s%n%b%x1e 3783c0cbe58efe30cb25b1c5a8d86c3e944f4a22..HEAD
Merged SHA e2de8de78cfaed26ed437ee827c8bfb0c3ebeb5a with commit message 'My first PR commit' into base branch master

Showing logs for build [32mcb-kubecd-bdd-gh-1583369160-pr-fjvwl-1[0m stage [32mfrom-build-pack[0m and container [32mstep-build-make-linux[0m
CGO_ENABLED=0 GOOS=linux GOARCH=amd64 GO15VENDOREXPERIMENT=1 go build -ldflags '' -o bin/bdd-gh-1583369160 main.go

Showing logs for build [32mcb-kubecd-bdd-gh-1583369160-pr-fjvwl-1[0m stage [32mfrom-build-pack[0m and container [32mstep-build-container-build[0m
[36mINFO[0m[0000] No base image, nothing to extract            
[36mINFO[0m[0000] cmd: EXPOSE                                  
[36mINFO[0m[0000] Adding exposed port: 8080/tcp                
[36mINFO[0m[0000] Using files from context: [/workspace/source/bin] 
[36mINFO[0m[0000] Skipping unpacking as no commands require it. 
[36mINFO[0m[0000] Taking snapshot of full filesystem...        
[36mINFO[0m[0000] EXPOSE 8080                                  
[36mINFO[0m[0000] cmd: EXPOSE                                  
[36mINFO[0m[0000] Adding exposed port: 8080/tcp                
[36mINFO[0m[0000] No files changed in this command, skipping snapshotting. 
[36mINFO[0m[0000] ENTRYPOINT ["/bdd-gh-1583369160"]            
[36mINFO[0m[0000] No files changed in this command, skipping snapshotting. 
[36mINFO[0m[0000] Using files from context: [/workspace/source/bin] 
[36mINFO[0m[0000] COPY ./bin/ /                                
[36mINFO[0m[0000] Taking snapshot of files...                  
2020/03/05 01:09:07 pushed blob: sha256:ae56cc5a342b7b46b58b30d21abb8e9b3f568018ef735edad5941f1c8f7837ab
2020/03/05 01:09:08 pushed blob: sha256:38212c10fbbbad02044d4d964522b7ba4d767d8fb72479310f6f7ffb35b72592
2020/03/05 01:09:10 gcr.io/jenkins-x-bdd3/bdd-gh-1583369160:0.0.0-SNAPSHOT-PR-1-1: digest: sha256:3dbd523ed90366bc58634e0b477f626eb84872450e22343c5b7ed56192900e05 size: 428

Showing logs for build [32mcb-kubecd-bdd-gh-1583369160-pr-fjvwl-1[0m stage [32mfrom-build-pack[0m and container [32mstep-postbuild-post-build[0m
no CVE provider running in the current ** namespace so skip adding image to be analysed

Showing logs for build [32mcb-kubecd-bdd-gh-1583369160-pr-fjvwl-1[0m stage [32mfrom-build-pack[0m and container [32mstep-promote-make-preview[0m
sed -i -e "s/version:.*/version: 0.0.0-SNAPSHOT-PR-1-1/" Chart.yaml
sed -i -e "s/version:.*/version: 0.0.0-SNAPSHOT-PR-1-1/" ../*/Chart.yaml
sed -i -e "s|repository:.*|repository: gcr.io\/jenkins-x-bdd3\/bdd-gh-1583369160|" values.yaml
sed -i -e "s/tag:.*/tag: 0.0.0-SNAPSHOT-PR-1-1/" values.yaml
echo "  version: 0.0.0-SNAPSHOT-PR-1-1" >> requirements.yaml
** step helm build
WARNING: No $CHART_REPOSITORY defined so using the default value of: http://jenkins-x-chartmuseum:8080
Adding missing Helm repo: storage.googleapis.com https://storage.googleapis.com/chartmuseum.jenkins-x.io
WARNING: No secrets found on "helm/repos" due: reading the secret "helm/repos" from vault: no secret "helm/repos" not found in vault
Read credentials for https://storage.googleapis.com/chartmuseum.jenkins-x.io from vault helm/repos
Successfully added Helm repository storage.googleapis.com.
Adding missing Helm repo: jenkins-x-chartmuseum http://jenkins-x-chartmuseum:8080
WARNING: No secrets found on "helm/repos" due: reading the secret "helm/repos" from vault: no secret "helm/repos" not found in vault
Read credentials for http://jenkins-x-chartmuseum:8080 from vault helm/repos
Successfully added Helm repository jenkins-x-chartmuseum.
WARNING: No $CHART_REPOSITORY defined so using the default value of: http://jenkins-x-chartmuseum:8080
Adding missing Helm repo: chartmuseum.jenkins-x.io http://chartmuseum.jenkins-x.io
WARNING: No secrets found on "helm/repos" due: reading the secret "helm/repos" from vault: no secret "helm/repos" not found in vault
Read credentials for http://chartmuseum.jenkins-x.io from vault helm/repos
Successfully added Helm repository chartmuseum.jenkins-x.io.

Showing logs for build [32mcb-kubecd-bdd-gh-1583369160-pr-fjvwl-1[0m stage [32mfrom-build-pack[0m and container [32mstep-promote-jx-preview[0m
Creating a preview
Created environment cb-kubecd-bdd-gh-1583369160-pr-1
Namespace **-cb-kubecd-bdd-gh-1583369160-pr-1 created 
expose:
  Annotations:
    helm.sh/hook: post-install,post-upgrade
    helm.sh/hook-delete-policy: hook-succeeded
  config:
    domain: 35.187.46.118.nip.io
    exposer: Ingress
    http: "true"
preview:
  image:
    repository: gcr.io/jenkins-x-bdd3/bdd-gh-1583369160
    tag: 0.0.0-SNAPSHOT-PR-1-1

Updating PipelineActivities cb-kubecd-bdd-gh-1583369160-pr-1-1 which has status Running
Preview application is now available at: http://bdd-gh-1583369160.**-cb-kubecd-bdd-gh-1583369160-pr-1.35.187.46.118.nip.io
